cpanm (App::cpanminus) 1.7011 on perl 5.020000 built for x86_64-linux
Work directory is /home/isucon/.cpanm/work/1411466493.1641
You have make /usr/bin/make
You have /usr/bin/wget
You have /bin/tar: tar (GNU tar) 1.26
Copyright (C) 2011 Free Software Foundation, Inc.
License GPLv3+: GNU GPL version 3 or later <http://gnu.org/licenses/gpl.html>.
This is free software: you are free to change and redistribute it.
There is NO WARRANTY, to the extent permitted by law.

Written by John Gilmore and Jay Fenlason.
You have /usr/bin/unzip
Checking if you have ExtUtils::MakeMaker 6.58 ... Yes (6.98)
Checking if you have ExtUtils::Install 1.46 ... Yes (1.67)
--> Working on /home/isucon/webapp/perl/
Entering /home/isucon/webapp/perl
Configuring /home/isucon/webapp/perl
-> OK
Checking if you have Plack::Session 0 ... Yes (0.24)
Checking if you have DBIx::Sunny 0 ... Yes (0.22)
Checking if you have DBD::mysql 0 ... Yes (4.028)
Checking if you have Digest::SHA 0 ... Yes (5.88)
Checking if you have JSON::XS 0 ... Yes (3.01)
Checking if you have Starman 0 ... Yes (0.4010)
Checking if you have File::Temp 0 ... Yes (0.2304)
Checking if you have Kossy 0.19 ... Yes (0.38)
Checking if you have Data::Dumper 0 ... Yes (2.151)
Checking if you have Time::Piece 0 ... Yes (1.27)
<== Installed dependencies for /home/isucon/webapp/perl/. Finishing.
